2019.06.19 10:45:17 INFO  es[][o.e.e.NodeEnvironment] using [1] data paths, mounts [[Windows (C:)]], net usable_space [295.2gb], net total_space [475.6gb], types [NTFS]
2019.06.19 10:45:17 INFO  es[][o.e.e.NodeEnvironment] heap size [494.9mb], compressed ordinary object pointers [true]
2019.06.19 10:45:17 INFO  es[][o.e.n.Node] node name [sonarqube], node ID [sW478p_mS1S7i5fX3-uquA]
2019.06.19 10:45:17 INFO  es[][o.e.n.Node] version[6.6.2], pid[7356], build[unknown/unknown/3bd3e59/2019-03-06T15:16:26.864148Z], OS[Windows 10/10.0/amd64], JVM[Oracle Corporation/Java HotSpot(TM) 64-Bit Server VM/1.8.0_201/25.201-b09]
2019.06.19 10:45:17 INFO  es[][o.e.n.Node] JVM arguments [-XX:+UseConcMarkSweepGC, -XX:CMSInitiatingOccupancyFraction=75, -XX:+UseCMSInitiatingOccupancyOnly, -Des.networkaddress.cache.ttl=60, -Des.networkaddress.cache.negative.ttl=10, -XX:+AlwaysPreTouch, -Xss1m, -Djava.awt.headless=true, -Dfile.encoding=UTF-8, -Djna.nosys=true, -XX:-OmitStackTraceInFastThrow, -Dio.netty.noUnsafe=true, -Dio.netty.noKeySetOptimization=true, -Dio.netty.recycler.maxCapacityPerThread=0, -Dlog4j.shutdownHookEnabled=false, -Dlog4j2.disable.jmx=true, -Djava.io.tmpdir=C:\CodeScan\sonarqube-7.7\temp\es6, -XX:ErrorFile=C:\CodeScan\sonarqube-7.7\logs\es_hs_err_pid%p.log, -Xms512m, -Xmx512m, -XX:+HeapDumpOnOutOfMemoryError, -Delasticsearch, -Des.path.home=C:\CodeScan\sonarqube-7.7\elasticsearch, -Des.path.conf=C:\CodeScan\sonarqube-7.7\temp\conf\es]
2019.06.19 10:45:21 INFO  es[][o.e.p.PluginsService] loaded module [analysis-common]
2019.06.19 10:45:21 INFO  es[][o.e.p.PluginsService] loaded module [lang-painless]
2019.06.19 10:45:21 INFO  es[][o.e.p.PluginsService] loaded module [mapper-extras]
2019.06.19 10:45:21 INFO  es[][o.e.p.PluginsService] loaded module [parent-join]
2019.06.19 10:45:21 INFO  es[][o.e.p.PluginsService] loaded module [percolator]
2019.06.19 10:45:21 INFO  es[][o.e.p.PluginsService] loaded module [reindex]
2019.06.19 10:45:21 INFO  es[][o.e.p.PluginsService] loaded module [repository-url]
2019.06.19 10:45:21 INFO  es[][o.e.p.PluginsService] loaded module [transport-netty4]
2019.06.19 10:45:21 INFO  es[][o.e.p.PluginsService] no plugins loaded
2019.06.19 10:45:22 WARN  es[][o.e.d.c.s.Settings] [http.enabled] setting was deprecated in Elasticsearch and will be removed in a future release! See the breaking changes documentation for the next major version.
2019.06.19 10:45:23 INFO  es[][o.e.d.DiscoveryModule] using discovery type [zen] and host providers [settings]
2019.06.19 10:45:23 INFO  es[][o.e.n.Node] initialized
2019.06.19 10:45:23 INFO  es[][o.e.n.Node] starting ...
2019.06.19 10:45:24 INFO  es[][o.e.t.TransportService] publish_address {127.0.0.1:9001}, bound_addresses {127.0.0.1:9001}
2019.06.19 10:45:27 INFO  es[][o.e.c.s.MasterService] zen-disco-elected-as-master ([0] nodes joined), reason: new_master {sonarqube}{sW478p_mS1S7i5fX3-uquA}{-1R0riDmREucn9ZDI5txxg}{127.0.0.1}{127.0.0.1:9001}{rack_id=sonarqube}
2019.06.19 10:45:27 INFO  es[][o.e.c.s.ClusterApplierService] new_master {sonarqube}{sW478p_mS1S7i5fX3-uquA}{-1R0riDmREucn9ZDI5txxg}{127.0.0.1}{127.0.0.1:9001}{rack_id=sonarqube}, reason: apply cluster state (from master [master {sonarqube}{sW478p_mS1S7i5fX3-uquA}{-1R0riDmREucn9ZDI5txxg}{127.0.0.1}{127.0.0.1:9001}{rack_id=sonarqube} committed version [1] source [zen-disco-elected-as-master ([0] nodes joined)]])
2019.06.19 10:45:27 INFO  es[][o.e.n.Node] started
2019.06.19 10:45:27 INFO  es[][o.e.g.GatewayService] recovered [0] indices into cluster_state
2019.06.19 10:45:38 INFO  es[][o.e.c.m.MetaDataCreateIndexService] [metadatas] creating index, cause [api], templates [], shards [1]/[0], mappings []
2019.06.19 10:45:38 INFO  es[][o.e.c.r.a.AllocationService] Cluster health status changed from [YELLOW] to [GREEN] (reason: [shards started [[metadatas][0]] ...]).
2019.06.19 10:45:38 INFO  es[][o.e.c.m.MetaDataMappingService] [metadatas/AQrq15YLTOyqTlbIn9qJGA] create_mapping [metadata]
2019.06.19 10:45:39 INFO  es[][o.e.c.m.MetaDataCreateIndexService] [components] creating index, cause [api], templates [], shards [5]/[0], mappings []
2019.06.19 10:45:39 INFO  es[][o.e.c.r.a.AllocationService] Cluster health status changed from [YELLOW] to [GREEN] (reason: [shards started [[components][4]] ...]).
2019.06.19 10:45:39 INFO  es[][o.e.c.m.MetaDataMappingService] [components/z_hJh1sURPyMQKGGPTBHjw] create_mapping [auth]
2019.06.19 10:45:39 INFO  es[][o.e.c.m.MetaDataCreateIndexService] [projectmeasures] creating index, cause [api], templates [], shards [5]/[0], mappings []
2019.06.19 10:45:39 INFO  es[][o.e.c.r.a.AllocationService] Cluster health status changed from [YELLOW] to [GREEN] (reason: [shards started [[projectmeasures][4]] ...]).
2019.06.19 10:45:39 INFO  es[][o.e.c.m.MetaDataMappingService] [projectmeasures/b8Vv2QTdSt2igQFpJQaB3A] create_mapping [auth]
2019.06.19 10:45:40 INFO  es[][o.e.c.m.MetaDataCreateIndexService] [rules] creating index, cause [api], templates [], shards [2]/[0], mappings []
2019.06.19 10:45:40 INFO  es[][o.e.c.r.a.AllocationService] Cluster health status changed from [YELLOW] to [GREEN] (reason: [shards started [[rules][0]] ...]).
2019.06.19 10:45:40 INFO  es[][o.e.c.m.MetaDataMappingService] [rules/WuDsPAY4TeCpQ4GL2T1NIQ] create_mapping [rule]
2019.06.19 10:45:40 INFO  es[][o.e.c.m.MetaDataCreateIndexService] [issues] creating index, cause [api], templates [], shards [5]/[0], mappings []
2019.06.19 10:45:40 INFO  es[][o.e.c.r.a.AllocationService] Cluster health status changed from [YELLOW] to [GREEN] (reason: [shards started [[issues][4]] ...]).
2019.06.19 10:45:40 INFO  es[][o.e.c.m.MetaDataMappingService] [issues/h9w0EbMNS_qZRlEZNj0GWQ] create_mapping [auth]
2019.06.19 10:45:40 INFO  es[][o.e.c.m.MetaDataCreateIndexService] [users] creating index, cause [api], templates [], shards [1]/[0], mappings []
2019.06.19 10:45:41 INFO  es[][o.e.c.r.a.AllocationService] Cluster health status changed from [YELLOW] to [GREEN] (reason: [shards started [[users][0]] ...]).
2019.06.19 10:45:41 INFO  es[][o.e.c.m.MetaDataMappingService] [users/wshuJhZ0TZaTrFKY74K5yg] create_mapping [user]
2019.06.19 10:45:41 INFO  es[][o.e.c.m.MetaDataCreateIndexService] [views] creating index, cause [api], templates [], shards [5]/[0], mappings []
2019.06.19 10:45:41 INFO  es[][o.e.c.r.a.AllocationService] Cluster health status changed from [YELLOW] to [GREEN] (reason: [shards started [[views][4]] ...]).
2019.06.19 10:45:41 INFO  es[][o.e.c.m.MetaDataMappingService] [views/OmwW-qh-SFqDyRAb_hTW0g] create_mapping [view]
2019.06.19 10:46:00 INFO  es[][o.e.c.s.IndexScopedSettings] updating [index.refresh_interval] from [30s] to [-1]
2019.06.19 10:46:00 INFO  es[][o.e.c.s.IndexScopedSettings] updating [index.refresh_interval] from [30s] to [-1]
2019.06.19 10:46:00 INFO  es[][o.e.c.s.IndexScopedSettings] updating [index.refresh_interval] from [-1] to [30s]
2019.06.19 10:46:00 INFO  es[][o.e.c.s.IndexScopedSettings] updating [index.refresh_interval] from [-1] to [30s]
2019.06.19 10:46:00 INFO  es[][o.e.c.s.IndexScopedSettings] updating [index.refresh_interval] from [30s] to [-1]
2019.06.19 10:46:00 INFO  es[][o.e.c.s.IndexScopedSettings] updating [index.refresh_interval] from [30s] to [-1]
2019.06.19 10:46:00 INFO  es[][o.e.c.s.IndexScopedSettings] updating [index.refresh_interval] from [-1] to [30s]
2019.06.19 10:46:00 INFO  es[][o.e.c.s.IndexScopedSettings] updating [index.refresh_interval] from [-1] to [30s]
2019.06.19 11:06:39 WARN  es[][o.e.d.i.q.BoolQueryBuilder] Should clauses in the filter context will no longer automatically set the minimum should match to 1 in the next major version. You should group them in a [filter] clause or explicitly set [minimum_should_match] to 1 to restore this behavior in the next major version.
