--> Wrapper Started as Console
Launching a JVM...
Wrapper (Version 3.2.3) http://wrapper.tanukisoftware.org
  Copyright 1999-2006 Tanuki Software, Inc.  All Rights Reserved.

2019.06.19 10:45:10 INFO  app[][o.s.a.AppFileSystem] Cleaning or creating temp directory C:\CodeScan\sonarqube-7.7\temp
2019.06.19 10:45:10 INFO  app[][o.s.a.es.EsSettings] Elasticsearch listening on /127.0.0.1:9001
2019.06.19 10:45:10 INFO  app[][o.s.a.p.ProcessLauncherImpl] Launch process[[key='es', ipcIndex=1, logFilenamePrefix=es]] from [C:\CodeScan\sonarqube-7.7\elasticsearch]: C:\Program Files\Java\jre1.8.0_201\bin\java -XX:+UseConcMarkSweepGC -XX:CMSInitiatingOccupancyFraction=75 -XX:+UseCMSInitiatingOccupancyOnly -Des.networkaddress.cache.ttl=60 -Des.networkaddress.cache.negative.ttl=10 -XX:+AlwaysPreTouch -Xss1m -Djava.awt.headless=true -Dfile.encoding=UTF-8 -Djna.nosys=true -XX:-OmitStackTraceInFastThrow -Dio.netty.noUnsafe=true -Dio.netty.noKeySetOptimization=true -Dio.netty.recycler.maxCapacityPerThread=0 -Dlog4j.shutdownHookEnabled=false -Dlog4j2.disable.jmx=true -Djava.io.tmpdir=C:\CodeScan\sonarqube-7.7\temp\es6 -XX:ErrorFile=C:\CodeScan\sonarqube-7.7\logs\es_hs_err_pid%p.log -Xms512m -Xmx512m -XX:+HeapDumpOnOutOfMemoryError -Delasticsearch -Des.path.home=C:\CodeScan\sonarqube-7.7\elasticsearch -Des.path.conf=C:\CodeScan\sonarqube-7.7\temp\conf\es -cp lib/* org.elasticsearch.bootstrap.Elasticsearch
2019.06.19 10:45:10 INFO  app[][o.s.a.SchedulerImpl] Waiting for Elasticsearch to be up and running
2019.06.19 10:45:10 INFO  app[][o.e.p.PluginsService] no modules loaded
2019.06.19 10:45:10 INFO  app[][o.e.p.PluginsService] loaded plugin [org.elasticsearch.transport.Netty4Plugin]
2019.06.19 10:45:29 INFO  app[][o.s.a.SchedulerImpl] Process[es] is up
2019.06.19 10:45:29 INFO  app[][o.s.a.p.ProcessLauncherImpl] Launch process[[key='web', ipcIndex=2, logFilenamePrefix=web]] from [C:\CodeScan\sonarqube-7.7]: C:\Program Files\Java\jre1.8.0_201\bin\java -Djava.awt.headless=true -Dfile.encoding=UTF-8 -Djava.io.tmpdir=C:\CodeScan\sonarqube-7.7\temp -Xmx512m -Xms128m -XX:+HeapDumpOnOutOfMemoryError -cp ./lib/common/*;C:\CodeScan\sonarqube-7.7\lib\jdbc\h2\h2-1.3.176.jar org.sonar.server.app.WebServer C:\CodeScan\sonarqube-7.7\temp\sq-process4971987189338988369properties
2019.06.19 10:46:01 INFO  app[][o.s.a.SchedulerImpl] Process[web] is up
2019.06.19 10:46:01 INFO  app[][o.s.a.p.ProcessLauncherImpl] Launch process[[key='ce', ipcIndex=3, logFilenamePrefix=ce]] from [C:\CodeScan\sonarqube-7.7]: C:\Program Files\Java\jre1.8.0_201\bin\java -Djava.awt.headless=true -Dfile.encoding=UTF-8 -Djava.io.tmpdir=C:\CodeScan\sonarqube-7.7\temp -Xmx512m -Xms128m -XX:+HeapDumpOnOutOfMemoryError -cp ./lib/common/*;C:\CodeScan\sonarqube-7.7\lib\jdbc\h2\h2-1.3.176.jar org.sonar.ce.app.CeServer C:\CodeScan\sonarqube-7.7\temp\sq-process6738124237183018455properties
2019.06.19 10:46:18 INFO  app[][o.s.a.SchedulerImpl] Process[ce] is up
2019.06.19 10:46:18 INFO  app[][o.s.a.SchedulerImpl] SonarQube is up
--> Wrapper Started as Console
Launching a JVM...
Wrapper (Version 3.2.3) http://wrapper.tanukisoftware.org
  Copyright 1999-2006 Tanuki Software, Inc.  All Rights Reserved.

2019.06.20 12:18:47 INFO  app[][o.s.a.AppFileSystem] Cleaning or creating temp directory C:\CodeScan\sonarqube-7.7\temp
2019.06.20 12:18:47 INFO  app[][o.s.a.es.EsSettings] Elasticsearch listening on /127.0.0.1:9001
2019.06.20 12:18:47 INFO  app[][o.s.a.p.ProcessLauncherImpl] Launch process[[key='es', ipcIndex=1, logFilenamePrefix=es]] from [C:\CodeScan\sonarqube-7.7\elasticsearch]: C:\Program Files\Java\jre1.8.0_201\bin\java -XX:+UseConcMarkSweepGC -XX:CMSInitiatingOccupancyFraction=75 -XX:+UseCMSInitiatingOccupancyOnly -Des.networkaddress.cache.ttl=60 -Des.networkaddress.cache.negative.ttl=10 -XX:+AlwaysPreTouch -Xss1m -Djava.awt.headless=true -Dfile.encoding=UTF-8 -Djna.nosys=true -XX:-OmitStackTraceInFastThrow -Dio.netty.noUnsafe=true -Dio.netty.noKeySetOptimization=true -Dio.netty.recycler.maxCapacityPerThread=0 -Dlog4j.shutdownHookEnabled=false -Dlog4j2.disable.jmx=true -Djava.io.tmpdir=C:\CodeScan\sonarqube-7.7\temp\es6 -XX:ErrorFile=C:\CodeScan\sonarqube-7.7\logs\es_hs_err_pid%p.log -Xms512m -Xmx512m -XX:+HeapDumpOnOutOfMemoryError -Delasticsearch -Des.path.home=C:\CodeScan\sonarqube-7.7\elasticsearch -Des.path.conf=C:\CodeScan\sonarqube-7.7\temp\conf\es -cp lib/* org.elasticsearch.bootstrap.Elasticsearch
2019.06.20 12:18:47 INFO  app[][o.s.a.SchedulerImpl] Waiting for Elasticsearch to be up and running
2019.06.20 12:18:47 INFO  app[][o.e.p.PluginsService] no modules loaded
2019.06.20 12:18:47 INFO  app[][o.e.p.PluginsService] loaded plugin [org.elasticsearch.transport.Netty4Plugin]
2019.06.20 12:19:22 INFO  app[][o.s.a.SchedulerImpl] Process[es] is up
2019.06.20 12:19:22 INFO  app[][o.s.a.p.ProcessLauncherImpl] Launch process[[key='web', ipcIndex=2, logFilenamePrefix=web]] from [C:\CodeScan\sonarqube-7.7]: C:\Program Files\Java\jre1.8.0_201\bin\java -Djava.awt.headless=true -Dfile.encoding=UTF-8 -Djava.io.tmpdir=C:\CodeScan\sonarqube-7.7\temp -Xmx512m -Xms128m -XX:+HeapDumpOnOutOfMemoryError -cp ./lib/common/*;C:\CodeScan\sonarqube-7.7\lib\jdbc\h2\h2-1.3.176.jar org.sonar.server.app.WebServer C:\CodeScan\sonarqube-7.7\temp\sq-process3928638022180738877properties
2019.06.20 12:20:00 INFO  app[][o.s.a.SchedulerImpl] Process[web] is up
2019.06.20 12:20:00 INFO  app[][o.s.a.p.ProcessLauncherImpl] Launch process[[key='ce', ipcIndex=3, logFilenamePrefix=ce]] from [C:\CodeScan\sonarqube-7.7]: C:\Program Files\Java\jre1.8.0_201\bin\java -Djava.awt.headless=true -Dfile.encoding=UTF-8 -Djava.io.tmpdir=C:\CodeScan\sonarqube-7.7\temp -Xmx512m -Xms128m -XX:+HeapDumpOnOutOfMemoryError -cp ./lib/common/*;C:\CodeScan\sonarqube-7.7\lib\jdbc\h2\h2-1.3.176.jar org.sonar.ce.app.CeServer C:\CodeScan\sonarqube-7.7\temp\sq-process7472296688875064050properties
2019.06.20 12:20:25 INFO  app[][o.s.a.SchedulerImpl] Process[ce] is up
2019.06.20 12:20:25 INFO  app[][o.s.a.SchedulerImpl] SonarQube is up
--> Wrapper Started as Console
Launching a JVM...
Wrapper (Version 3.2.3) http://wrapper.tanukisoftware.org
  Copyright 1999-2006 Tanuki Software, Inc.  All Rights Reserved.

2019.06.24 10:48:20 INFO  app[][o.s.a.AppFileSystem] Cleaning or creating temp directory C:\CodeScan\sonarqube-7.7\temp
2019.06.24 10:48:20 INFO  app[][o.s.a.es.EsSettings] Elasticsearch listening on /127.0.0.1:9001
2019.06.24 10:48:20 INFO  app[][o.s.a.p.ProcessLauncherImpl] Launch process[[key='es', ipcIndex=1, logFilenamePrefix=es]] from [C:\CodeScan\sonarqube-7.7\elasticsearch]: C:\Program Files\Java\jre1.8.0_201\bin\java -XX:+UseConcMarkSweepGC -XX:CMSInitiatingOccupancyFraction=75 -XX:+UseCMSInitiatingOccupancyOnly -Des.networkaddress.cache.ttl=60 -Des.networkaddress.cache.negative.ttl=10 -XX:+AlwaysPreTouch -Xss1m -Djava.awt.headless=true -Dfile.encoding=UTF-8 -Djna.nosys=true -XX:-OmitStackTraceInFastThrow -Dio.netty.noUnsafe=true -Dio.netty.noKeySetOptimization=true -Dio.netty.recycler.maxCapacityPerThread=0 -Dlog4j.shutdownHookEnabled=false -Dlog4j2.disable.jmx=true -Djava.io.tmpdir=C:\CodeScan\sonarqube-7.7\temp\es6 -XX:ErrorFile=C:\CodeScan\sonarqube-7.7\logs\es_hs_err_pid%p.log -Xms512m -Xmx512m -XX:+HeapDumpOnOutOfMemoryError -Delasticsearch -Des.path.home=C:\CodeScan\sonarqube-7.7\elasticsearch -Des.path.conf=C:\CodeScan\sonarqube-7.7\temp\conf\es -cp lib/* org.elasticsearch.bootstrap.Elasticsearch
2019.06.24 10:48:20 INFO  app[][o.s.a.SchedulerImpl] Waiting for Elasticsearch to be up and running
2019.06.24 10:48:21 INFO  app[][o.e.p.PluginsService] no modules loaded
2019.06.24 10:48:21 INFO  app[][o.e.p.PluginsService] loaded plugin [org.elasticsearch.transport.Netty4Plugin]
2019.06.24 10:49:00 INFO  app[][o.s.a.SchedulerImpl] Process[es] is up
2019.06.24 10:49:01 INFO  app[][o.s.a.p.ProcessLauncherImpl] Launch process[[key='web', ipcIndex=2, logFilenamePrefix=web]] from [C:\CodeScan\sonarqube-7.7]: C:\Program Files\Java\jre1.8.0_201\bin\java -Djava.awt.headless=true -Dfile.encoding=UTF-8 -Djava.io.tmpdir=C:\CodeScan\sonarqube-7.7\temp -Xmx512m -Xms128m -XX:+HeapDumpOnOutOfMemoryError -cp ./lib/common/*;C:\CodeScan\sonarqube-7.7\lib\jdbc\h2\h2-1.3.176.jar org.sonar.server.app.WebServer C:\CodeScan\sonarqube-7.7\temp\sq-process340987228697938227properties
2019.06.24 10:49:37 INFO  app[][o.s.a.SchedulerImpl] Process[web] is up
2019.06.24 10:49:37 INFO  app[][o.s.a.p.ProcessLauncherImpl] Launch process[[key='ce', ipcIndex=3, logFilenamePrefix=ce]] from [C:\CodeScan\sonarqube-7.7]: C:\Program Files\Java\jre1.8.0_201\bin\java -Djava.awt.headless=true -Dfile.encoding=UTF-8 -Djava.io.tmpdir=C:\CodeScan\sonarqube-7.7\temp -Xmx512m -Xms128m -XX:+HeapDumpOnOutOfMemoryError -cp ./lib/common/*;C:\CodeScan\sonarqube-7.7\lib\jdbc\h2\h2-1.3.176.jar org.sonar.ce.app.CeServer C:\CodeScan\sonarqube-7.7\temp\sq-process6184314756842820767properties
2019.06.24 10:50:01 INFO  app[][o.s.a.SchedulerImpl] Process[ce] is up
2019.06.24 10:50:01 INFO  app[][o.s.a.SchedulerImpl] SonarQube is up
--> Wrapper Started as Console
Launching a JVM...
Wrapper (Version 3.2.3) http://wrapper.tanukisoftware.org
  Copyright 1999-2006 Tanuki Software, Inc.  All Rights Reserved.

2019.06.25 14:37:40 INFO  app[][o.s.a.AppFileSystem] Cleaning or creating temp directory C:\CodeScan\sonarqube-7.7\temp
2019.06.25 14:37:40 INFO  app[][o.s.a.es.EsSettings] Elasticsearch listening on /127.0.0.1:9001
2019.06.25 14:37:40 INFO  app[][o.s.a.p.ProcessLauncherImpl] Launch process[[key='es', ipcIndex=1, logFilenamePrefix=es]] from [C:\CodeScan\sonarqube-7.7\elasticsearch]: C:\Program Files\Java\jre1.8.0_201\bin\java -XX:+UseConcMarkSweepGC -XX:CMSInitiatingOccupancyFraction=75 -XX:+UseCMSInitiatingOccupancyOnly -Des.networkaddress.cache.ttl=60 -Des.networkaddress.cache.negative.ttl=10 -XX:+AlwaysPreTouch -Xss1m -Djava.awt.headless=true -Dfile.encoding=UTF-8 -Djna.nosys=true -XX:-OmitStackTraceInFastThrow -Dio.netty.noUnsafe=true -Dio.netty.noKeySetOptimization=true -Dio.netty.recycler.maxCapacityPerThread=0 -Dlog4j.shutdownHookEnabled=false -Dlog4j2.disable.jmx=true -Djava.io.tmpdir=C:\CodeScan\sonarqube-7.7\temp\es6 -XX:ErrorFile=C:\CodeScan\sonarqube-7.7\logs\es_hs_err_pid%p.log -Xms512m -Xmx512m -XX:+HeapDumpOnOutOfMemoryError -Delasticsearch -Des.path.home=C:\CodeScan\sonarqube-7.7\elasticsearch -Des.path.conf=C:\CodeScan\sonarqube-7.7\temp\conf\es -cp lib/* org.elasticsearch.bootstrap.Elasticsearch
2019.06.25 14:37:40 INFO  app[][o.s.a.SchedulerImpl] Waiting for Elasticsearch to be up and running
2019.06.25 14:37:41 INFO  app[][o.e.p.PluginsService] no modules loaded
2019.06.25 14:37:41 INFO  app[][o.e.p.PluginsService] loaded plugin [org.elasticsearch.transport.Netty4Plugin]
2019.06.25 14:38:19 INFO  app[][o.s.a.SchedulerImpl] Process[es] is up
2019.06.25 14:38:19 INFO  app[][o.s.a.p.ProcessLauncherImpl] Launch process[[key='web', ipcIndex=2, logFilenamePrefix=web]] from [C:\CodeScan\sonarqube-7.7]: C:\Program Files\Java\jre1.8.0_201\bin\java -Djava.awt.headless=true -Dfile.encoding=UTF-8 -Djava.io.tmpdir=C:\CodeScan\sonarqube-7.7\temp -Xmx512m -Xms128m -XX:+HeapDumpOnOutOfMemoryError -cp ./lib/common/*;C:\CodeScan\sonarqube-7.7\lib\jdbc\h2\h2-1.3.176.jar org.sonar.server.app.WebServer C:\CodeScan\sonarqube-7.7\temp\sq-process14594799257803348properties
2019.06.25 14:38:54 INFO  app[][o.s.a.SchedulerImpl] Process[web] is up
2019.06.25 14:38:54 INFO  app[][o.s.a.p.ProcessLauncherImpl] Launch process[[key='ce', ipcIndex=3, logFilenamePrefix=ce]] from [C:\CodeScan\sonarqube-7.7]: C:\Program Files\Java\jre1.8.0_201\bin\java -Djava.awt.headless=true -Dfile.encoding=UTF-8 -Djava.io.tmpdir=C:\CodeScan\sonarqube-7.7\temp -Xmx512m -Xms128m -XX:+HeapDumpOnOutOfMemoryError -cp ./lib/common/*;C:\CodeScan\sonarqube-7.7\lib\jdbc\h2\h2-1.3.176.jar org.sonar.ce.app.CeServer C:\CodeScan\sonarqube-7.7\temp\sq-process773530884353337534properties
2019.06.25 14:39:18 INFO  app[][o.s.a.SchedulerImpl] Process[ce] is up
2019.06.25 14:39:18 INFO  app[][o.s.a.SchedulerImpl] SonarQube is up
--> Wrapper Started as Console
Launching a JVM...
Wrapper (Version 3.2.3) http://wrapper.tanukisoftware.org
  Copyright 1999-2006 Tanuki Software, Inc.  All Rights Reserved.

2019.06.26 10:36:01 INFO  app[][o.s.a.AppFileSystem] Cleaning or creating temp directory C:\CodeScan\sonarqube-7.7\temp
2019.06.26 10:36:01 INFO  app[][o.s.a.es.EsSettings] Elasticsearch listening on /127.0.0.1:9001
2019.06.26 10:36:01 INFO  app[][o.s.a.p.ProcessLauncherImpl] Launch process[[key='es', ipcIndex=1, logFilenamePrefix=es]] from [C:\CodeScan\sonarqube-7.7\elasticsearch]: C:\Program Files\Java\jre1.8.0_201\bin\java -XX:+UseConcMarkSweepGC -XX:CMSInitiatingOccupancyFraction=75 -XX:+UseCMSInitiatingOccupancyOnly -Des.networkaddress.cache.ttl=60 -Des.networkaddress.cache.negative.ttl=10 -XX:+AlwaysPreTouch -Xss1m -Djava.awt.headless=true -Dfile.encoding=UTF-8 -Djna.nosys=true -XX:-OmitStackTraceInFastThrow -Dio.netty.noUnsafe=true -Dio.netty.noKeySetOptimization=true -Dio.netty.recycler.maxCapacityPerThread=0 -Dlog4j.shutdownHookEnabled=false -Dlog4j2.disable.jmx=true -Djava.io.tmpdir=C:\CodeScan\sonarqube-7.7\temp\es6 -XX:ErrorFile=C:\CodeScan\sonarqube-7.7\logs\es_hs_err_pid%p.log -Xms512m -Xmx512m -XX:+HeapDumpOnOutOfMemoryError -Delasticsearch -Des.path.home=C:\CodeScan\sonarqube-7.7\elasticsearch -Des.path.conf=C:\CodeScan\sonarqube-7.7\temp\conf\es -cp lib/* org.elasticsearch.bootstrap.Elasticsearch
2019.06.26 10:36:01 INFO  app[][o.s.a.SchedulerImpl] Waiting for Elasticsearch to be up and running
2019.06.26 10:36:02 INFO  app[][o.e.p.PluginsService] no modules loaded
2019.06.26 10:36:02 INFO  app[][o.e.p.PluginsService] loaded plugin [org.elasticsearch.transport.Netty4Plugin]
2019.06.26 10:36:22 INFO  app[][o.s.a.SchedulerImpl] Process[es] is up
2019.06.26 10:36:22 INFO  app[][o.s.a.p.ProcessLauncherImpl] Launch process[[key='web', ipcIndex=2, logFilenamePrefix=web]] from [C:\CodeScan\sonarqube-7.7]: C:\Program Files\Java\jre1.8.0_201\bin\java -Djava.awt.headless=true -Dfile.encoding=UTF-8 -Djava.io.tmpdir=C:\CodeScan\sonarqube-7.7\temp -Xmx512m -Xms128m -XX:+HeapDumpOnOutOfMemoryError -cp ./lib/common/*;C:\CodeScan\sonarqube-7.7\lib\jdbc\h2\h2-1.3.176.jar org.sonar.server.app.WebServer C:\CodeScan\sonarqube-7.7\temp\sq-process5116442267092059079properties
2019.06.26 10:36:46 INFO  app[][o.s.a.SchedulerImpl] Process[web] is up
2019.06.26 10:36:46 INFO  app[][o.s.a.p.ProcessLauncherImpl] Launch process[[key='ce', ipcIndex=3, logFilenamePrefix=ce]] from [C:\CodeScan\sonarqube-7.7]: C:\Program Files\Java\jre1.8.0_201\bin\java -Djava.awt.headless=true -Dfile.encoding=UTF-8 -Djava.io.tmpdir=C:\CodeScan\sonarqube-7.7\temp -Xmx512m -Xms128m -XX:+HeapDumpOnOutOfMemoryError -cp ./lib/common/*;C:\CodeScan\sonarqube-7.7\lib\jdbc\h2\h2-1.3.176.jar org.sonar.ce.app.CeServer C:\CodeScan\sonarqube-7.7\temp\sq-process3115696347143283209properties
2019.06.26 10:37:05 INFO  app[][o.s.a.SchedulerImpl] Process[ce] is up
2019.06.26 10:37:05 INFO  app[][o.s.a.SchedulerImpl] SonarQube is up
--> Wrapper Started as Console
Launching a JVM...
Wrapper (Version 3.2.3) http://wrapper.tanukisoftware.org
  Copyright 1999-2006 Tanuki Software, Inc.  All Rights Reserved.

2019.07.10 10:20:03 INFO  app[][o.s.a.AppFileSystem] Cleaning or creating temp directory C:\CodeScan\sonarqube-7.7\temp
2019.07.10 10:20:03 INFO  app[][o.s.a.es.EsSettings] Elasticsearch listening on /127.0.0.1:9001
2019.07.10 10:20:03 INFO  app[][o.s.a.p.ProcessLauncherImpl] Launch process[[key='es', ipcIndex=1, logFilenamePrefix=es]] from [C:\CodeScan\sonarqube-7.7\elasticsearch]: C:\Program Files\Java\jre1.8.0_201\bin\java -XX:+UseConcMarkSweepGC -XX:CMSInitiatingOccupancyFraction=75 -XX:+UseCMSInitiatingOccupancyOnly -Des.networkaddress.cache.ttl=60 -Des.networkaddress.cache.negative.ttl=10 -XX:+AlwaysPreTouch -Xss1m -Djava.awt.headless=true -Dfile.encoding=UTF-8 -Djna.nosys=true -XX:-OmitStackTraceInFastThrow -Dio.netty.noUnsafe=true -Dio.netty.noKeySetOptimization=true -Dio.netty.recycler.maxCapacityPerThread=0 -Dlog4j.shutdownHookEnabled=false -Dlog4j2.disable.jmx=true -Djava.io.tmpdir=C:\CodeScan\sonarqube-7.7\temp\es6 -XX:ErrorFile=C:\CodeScan\sonarqube-7.7\logs\es_hs_err_pid%p.log -Xms512m -Xmx512m -XX:+HeapDumpOnOutOfMemoryError -Delasticsearch -Des.path.home=C:\CodeScan\sonarqube-7.7\elasticsearch -Des.path.conf=C:\CodeScan\sonarqube-7.7\temp\conf\es -cp lib/* org.elasticsearch.bootstrap.Elasticsearch
2019.07.10 10:20:03 INFO  app[][o.s.a.SchedulerImpl] Waiting for Elasticsearch to be up and running
2019.07.10 10:20:04 INFO  app[][o.e.p.PluginsService] no modules loaded
2019.07.10 10:20:04 INFO  app[][o.e.p.PluginsService] loaded plugin [org.elasticsearch.transport.Netty4Plugin]
2019.07.10 10:20:20 INFO  app[][o.s.a.SchedulerImpl] Process[es] is up
2019.07.10 10:20:20 INFO  app[][o.s.a.p.ProcessLauncherImpl] Launch process[[key='web', ipcIndex=2, logFilenamePrefix=web]] from [C:\CodeScan\sonarqube-7.7]: C:\Program Files\Java\jre1.8.0_201\bin\java -Djava.awt.headless=true -Dfile.encoding=UTF-8 -Djava.io.tmpdir=C:\CodeScan\sonarqube-7.7\temp -Xmx512m -Xms128m -XX:+HeapDumpOnOutOfMemoryError -cp ./lib/common/*;C:\CodeScan\sonarqube-7.7\lib\jdbc\h2\h2-1.3.176.jar org.sonar.server.app.WebServer C:\CodeScan\sonarqube-7.7\temp\sq-process4391829163415426473properties
2019.07.10 10:20:41 INFO  app[][o.s.a.SchedulerImpl] Process[web] is up
2019.07.10 10:20:41 INFO  app[][o.s.a.p.ProcessLauncherImpl] Launch process[[key='ce', ipcIndex=3, logFilenamePrefix=ce]] from [C:\CodeScan\sonarqube-7.7]: C:\Program Files\Java\jre1.8.0_201\bin\java -Djava.awt.headless=true -Dfile.encoding=UTF-8 -Djava.io.tmpdir=C:\CodeScan\sonarqube-7.7\temp -Xmx512m -Xms128m -XX:+HeapDumpOnOutOfMemoryError -cp ./lib/common/*;C:\CodeScan\sonarqube-7.7\lib\jdbc\h2\h2-1.3.176.jar org.sonar.ce.app.CeServer C:\CodeScan\sonarqube-7.7\temp\sq-process6488071028839298769properties
2019.07.10 10:20:51 INFO  app[][o.s.a.SchedulerImpl] Process[ce] is up
2019.07.10 10:20:51 INFO  app[][o.s.a.SchedulerImpl] SonarQube is up
--> Wrapper Started as Console
Launching a JVM...
Wrapper (Version 3.2.3) http://wrapper.tanukisoftware.org
  Copyright 1999-2006 Tanuki Software, Inc.  All Rights Reserved.

2019.08.19 11:37:46 INFO  app[][o.s.a.AppFileSystem] Cleaning or creating temp directory C:\CodeScan\sonarqube-7.7\temp
2019.08.19 11:37:46 INFO  app[][o.s.a.es.EsSettings] Elasticsearch listening on /127.0.0.1:9001
2019.08.19 11:37:46 INFO  app[][o.s.a.p.ProcessLauncherImpl] Launch process[[key='es', ipcIndex=1, logFilenamePrefix=es]] from [C:\CodeScan\sonarqube-7.7\elasticsearch]: C:\Program Files\Java\jre1.8.0_201\bin\java -XX:+UseConcMarkSweepGC -XX:CMSInitiatingOccupancyFraction=75 -XX:+UseCMSInitiatingOccupancyOnly -Des.networkaddress.cache.ttl=60 -Des.networkaddress.cache.negative.ttl=10 -XX:+AlwaysPreTouch -Xss1m -Djava.awt.headless=true -Dfile.encoding=UTF-8 -Djna.nosys=true -XX:-OmitStackTraceInFastThrow -Dio.netty.noUnsafe=true -Dio.netty.noKeySetOptimization=true -Dio.netty.recycler.maxCapacityPerThread=0 -Dlog4j.shutdownHookEnabled=false -Dlog4j2.disable.jmx=true -Djava.io.tmpdir=C:\CodeScan\sonarqube-7.7\temp\es6 -XX:ErrorFile=C:\CodeScan\sonarqube-7.7\logs\es_hs_err_pid%p.log -Xms512m -Xmx512m -XX:+HeapDumpOnOutOfMemoryError -Delasticsearch -Des.path.home=C:\CodeScan\sonarqube-7.7\elasticsearch -Des.path.conf=C:\CodeScan\sonarqube-7.7\temp\conf\es -cp lib/* org.elasticsearch.bootstrap.Elasticsearch
2019.08.19 11:37:46 INFO  app[][o.s.a.SchedulerImpl] Waiting for Elasticsearch to be up and running
2019.08.19 11:37:47 INFO  app[][o.e.p.PluginsService] no modules loaded
2019.08.19 11:37:47 INFO  app[][o.e.p.PluginsService] loaded plugin [org.elasticsearch.transport.Netty4Plugin]
2019.08.19 11:38:02 INFO  app[][o.s.a.SchedulerImpl] Process[es] is up
2019.08.19 11:38:02 INFO  app[][o.s.a.p.ProcessLauncherImpl] Launch process[[key='web', ipcIndex=2, logFilenamePrefix=web]] from [C:\CodeScan\sonarqube-7.7]: C:\Program Files\Java\jre1.8.0_201\bin\java -Djava.awt.headless=true -Dfile.encoding=UTF-8 -Djava.io.tmpdir=C:\CodeScan\sonarqube-7.7\temp -Xmx512m -Xms128m -XX:+HeapDumpOnOutOfMemoryError -cp ./lib/common/*;C:\CodeScan\sonarqube-7.7\lib\jdbc\h2\h2-1.3.176.jar org.sonar.server.app.WebServer C:\CodeScan\sonarqube-7.7\temp\sq-process2346939861823526307properties
2019.08.19 11:38:26 INFO  app[][o.s.a.SchedulerImpl] Process[web] is up
2019.08.19 11:38:26 INFO  app[][o.s.a.p.ProcessLauncherImpl] Launch process[[key='ce', ipcIndex=3, logFilenamePrefix=ce]] from [C:\CodeScan\sonarqube-7.7]: C:\Program Files\Java\jre1.8.0_201\bin\java -Djava.awt.headless=true -Dfile.encoding=UTF-8 -Djava.io.tmpdir=C:\CodeScan\sonarqube-7.7\temp -Xmx512m -Xms128m -XX:+HeapDumpOnOutOfMemoryError -cp ./lib/common/*;C:\CodeScan\sonarqube-7.7\lib\jdbc\h2\h2-1.3.176.jar org.sonar.ce.app.CeServer C:\CodeScan\sonarqube-7.7\temp\sq-process4344173358527517021properties
2019.08.19 11:38:34 INFO  app[][o.s.a.SchedulerImpl] Process[ce] is up
2019.08.19 11:38:34 INFO  app[][o.s.a.SchedulerImpl] SonarQube is up
